<?xml version="1.0" encoding="UTF-8"?>
<!-- Generated by org.testng.reporters.JUnitReportReporter -->
<testsuite hostname="LAPTOP-6UBAU2B3" failures="0" tests="4" name="API_RA.Httprequest" time="4.433" errors="0" timestamp="2023-06-25T20:21:42 IST" skipped="0">
  <testcase classname="API_RA.Httprequest" name="getRequest" time="0.236"/>
  <system-out/>
  <testcase classname="API_RA.Httprequest" name="createUser" time="3.339"/>
  <system-out/>
  <testcase classname="API_RA.Httprequest" name="updateUser" time="0.451"/>
  <system-out/>
  <testcase classname="API_RA.Httprequest" name="deleteUser" time="0.407"/>
  <system-out/>
</testsuite> <!-- API_RA.Httprequest -->
