<?xml version="1.0" encoding="UTF-8"?>
<!-- Generated by org.testng.reporters.JUnitReportReporter -->
<testsuite hostname="LAPTOP-6UBAU2B3" failures="0" tests="1" name="day7.Authentication" time="6.843" errors="0" timestamp="2023-07-08T22:26:50 IST" skipped="0">
  <testcase classname="day7.Authentication" name="testBasicAuthentication" time="6.843"/>
  <system-out/>
</testsuite> <!-- day7.Authentication -->
