<?xml version="1.0" encoding="UTF-8"?>
<!-- Generated by org.testng.reporters.JUnitReportReporter -->
<testsuite hostname="LAPTOP-6UBAU2B3" failures="0" tests="1" name="APIChaining.UpdateUser" time="0.349" errors="0" timestamp="2023-07-09T21:58:47 IST" skipped="0">
  <testcase classname="APIChaining.UpdateUser" name="updateUser" time="0.349"/>
  <system-out/>
</testsuite> <!-- APIChaining.UpdateUser -->
