<?xml version="1.0" encoding="UTF-8"?>
<!-- Generated by org.testng.reporters.JUnitReportReporter -->
<testsuite hostname="LAPTOP-6UBAU2B3" failures="0" tests="1" name="Day3.PathandQueryParam" time="1.838" errors="0" timestamp="2023-07-03T23:55:22 IST" skipped="0">
  <testcase classname="Day3.PathandQueryParam" name="getRequestforPathandParam" time="1.838"/>
  <system-out/>
</testsuite> <!-- Day3.PathandQueryParam -->
