<?xml version="1.0" encoding="UTF-8"?>
<!-- Generated by org.testng.reporters.JUnitReportReporter -->
<testsuite hostname="LAPTOP-6UBAU2B3" failures="0" tests="1" name="day2.PostMethodsRequestBody" time="2.475" errors="0" timestamp="2023-07-03T23:23:54 IST" skipped="0">
  <testcase classname="day2.PostMethodsRequestBody" name="testPostUsingExternaljsonfile" time="2.475"/>
  <system-out/>
</testsuite> <!-- day2.PostMethodsRequestBody -->
