<?xml version="1.0" encoding="UTF-8"?>
<!-- Generated by org.testng.reporters.JUnitReportReporter -->
<testsuite hostname="LAPTOP-6UBAU2B3" failures="0" tests="1" name="APIChaining.GetUser" time="0.348" errors="0" timestamp="2023-07-09T21:58:47 IST" skipped="0">
  <testcase classname="APIChaining.GetUser" name="getUser" time="0.348"/>
  <system-out/>
</testsuite> <!-- APIChaining.GetUser -->
