<?xml version="1.0" encoding="UTF-8"?>
<!-- Generated by org.testng.reporters.JUnitReportReporter -->
<testsuite hostname="LAPTOP-6UBAU2B3" failures="0" tests="1" name="day4.ParsingResponseDataJSON" time="1.764" errors="0" timestamp="2023-07-07T01:03:33 IST" skipped="0">
  <testcase classname="day4.ParsingResponseDataJSON" name="validatingJSONBody" time="1.764"/>
  <system-out/>
</testsuite> <!-- day4.ParsingResponseDataJSON -->
