<?xml version="1.0" encoding="UTF-8"?>
<!-- Generated by org.testng.reporters.JUnitReportReporter -->
<testsuite hostname="LAPTOP-6UBAU2B3" failures="0" tests="2" name="Day6.SerializationDeserialization" time="0.171" errors="0" timestamp="2023-07-08T19:30:30 IST" skipped="0">
  <testcase classname="Day6.SerializationDeserialization" name="convertJavaObjToJSON" time="0.155"/>
  <system-out/>
  <testcase classname="Day6.SerializationDeserialization" name="convertJSONToPOJO" time="0.016"/>
  <system-out/>
</testsuite> <!-- Day6.SerializationDeserialization -->
